<?xml version="1.0" encoding="UTF-8"?>
<!-- Generated by org.testng.reporters.JUnitReportReporter -->
<testsuite skipped="0" hostname="DESKTOP-KKNIGJ5" name="testNG.sampleTestcase" tests="4" failures="0" timestamp="04 Sep 2020 07:35:12 GMT" time="0.043" errors="0">
  <testcase name="fourthTestcase" time="0.016" classname="testNG.sampleTestcase"/>
  <testcase name="secondTestcase" time="0.012" classname="testNG.sampleTestcase"/>
  <testcase name="thirdTestcase" time="0.004" classname="testNG.sampleTestcase"/>
  <testcase name="firstTestcase" time="0.011" classname="testNG.sampleTestcase"/>
</testsuite> <!-- testNG.sampleTestcase -->
