<?xml version="1.0" encoding="UTF-8"?>
<!-- Generated by org.testng.reporters.JUnitReportReporter -->
<testsuite skipped="0" hostname="DESKTOP-KKNIGJ5" name="testNG.DriveAcar" tests="5" failures="0" timestamp="04 Sep 2020 07:35:12 GMT" time="0.129" errors="0">
  <testcase name="startThecar" time="0.008" classname="testNG.DriveAcar"/>
  <testcase name="putFuirstGear" time="0.063" classname="testNG.DriveAcar"/>
  <testcase name="putSecondGear" time="0.009" classname="testNG.DriveAcar"/>
  <testcase name="putThirdGear" time="0.017" classname="testNG.DriveAcar"/>
  <testcase name="putFourthGear" time="0.032" classname="testNG.DriveAcar"/>
</testsuite> <!-- testNG.DriveAcar -->
