<?xml version="1.0" encoding="UTF-8"?>
<!-- Generated by org.testng.reporters.JUnitReportReporter -->
<testsuite skipped="0" hostname="DESKTOP-KKNIGJ5" name="testNG.DependanciesManagement" tests="3" failures="0" timestamp="04 Sep 2020 07:35:12 GMT" time="0.072" errors="0">
  <testcase name="highersecondary" time="0.007" classname="testNG.DependanciesManagement"/>
  <testcase name="highschool" time="0.047" classname="testNG.DependanciesManagement"/>
  <testcase name="engineering" time="0.018" classname="testNG.DependanciesManagement"/>
</testsuite> <!-- testNG.DependanciesManagement -->
