<?xml version="1.0" encoding="UTF-8"?>
<!-- Generated by org.testng.reporters.JUnitReportReporter -->
<testsuite skipped="0" hostname="DESKTOP-KKNIGJ5" name="testNG.GroupingExample" tests="8" failures="0" timestamp="05 Sep 2020 08:12:20 GMT" time="0.195" errors="0">
  <testcase name="apple2" time="0.011" classname="testNG.GroupingExample"/>
  <testcase name="vivo1" time="0.013" classname="testNG.GroupingExample"/>
  <testcase name="apple1" time="0.043" classname="testNG.GroupingExample"/>
  <testcase name="lenovo2" time="0.033" classname="testNG.GroupingExample"/>
  <testcase name="vivo2" time="0.033" classname="testNG.GroupingExample"/>
  <testcase name="lenovo1" time="0.025" classname="testNG.GroupingExample"/>
  <testcase name="moto1" time="0.022" classname="testNG.GroupingExample"/>
  <testcase name="moto2" time="0.015" classname="testNG.GroupingExample"/>
</testsuite> <!-- testNG.GroupingExample -->
