<?xml version="1.0" encoding="UTF-8"?>
<!-- Generated by org.testng.reporters.JUnitReportReporter -->
<testsuite skipped="1" hostname="DESKTOP-KKNIGJ5" name="testNG.SkipATestcase" tests="6" failures="0" timestamp="03 Sep 2020 13:44:16 GMT" time="0.128" errors="0">
  <testcase name="startThecar" time="0.049" classname="testNG.SkipATestcase"/>
  <testcase name="putFuirstGear" time="0.020" classname="testNG.SkipATestcase"/>
  <testcase name="putSecondGear" time="0.021" classname="testNG.SkipATestcase"/>
  <testcase name="putThirdGear" time="0.021" classname="testNG.SkipATestcase"/>
  <testcase name="putFourthGear" time="0.017" classname="testNG.SkipATestcase"/>
  <testcase name="turnonTheMusic" classname="testNG.SkipATestcase">
    <skipped/>
  </testcase> <!-- turnonTheMusic -->
</testsuite> <!-- testNG.SkipATestcase -->
