<?xml version="1.0" encoding="UTF-8"?>
<!-- Generated by org.testng.reporters.JUnitReportReporter -->
<testsuite skipped="0" hostname="DESKTOP-KKNIGJ5" name="testNG.ParameterizationExample" tests="1" failures="0" timestamp="04 Sep 2020 08:36:33 GMT" time="0.059" errors="0">
  <testcase name="printName" time="0.059" classname="testNG.ParameterizationExample"/>
</testsuite> <!-- testNG.ParameterizationExample -->
